{"/Users/viniciuscarvalho/Dropbox/projects/inovadoc/src/components/Main.vue": {"path":"/Users/viniciuscarvalho/Dropbox/projects/inovadoc/src/components/Main.vue","statementMap":{"0":{"start":{"line":41,"column":0},"end":{"line":null,"column":-1}},"1":{"start":{"line":42,"column":0},"end":{"line":null,"column":-1}},"2":{"start":{"line":45,"column":0},"end":{"line":null,"column":-1}},"3":{"start":{"line":48,"column":0},"end":{"line":null,"column":-1}},"4":{"start":{"line":51,"column":0},"end":{"line":null,"column":-1}},"5":{"start":{"line":56,"column":0},"end":{"line":null,"column":-1}},"6":{"start":{"line":68,"column":0},"end":{"line":null,"column":-1}},"7":{"start":{"line":69,"column":0},"end":{"line":null,"column":-1}},"8":{"start":{"line":68,"column":0},"end":{"line":71,"column":0}},"9":{"start":{"line":71,"column":0},"end":{"line":null,"column":-1}},"10":{"start":{"line":77,"column":0},"end":{"line":null,"column":-1}},"11":{"start":{"line":81,"column":0},"end":{"line":null,"column":-1}},"12":{"start":{"line":83,"column":0},"end":{"line":null,"column":-1}},"13":{"start":{"line":84,"column":0},"end":{"line":null,"column":-1}},"14":{"start":{"line":87,"column":0},"end":{"line":null,"column":-1}},"15":{"start":{"line":88,"column":0},"end":{"line":null,"column":-1}},"16":{"start":{"line":87,"column":0},"end":{"line":90,"column":0}},"17":{"start":{"line":90,"column":0},"end":{"line":null,"column":-1}},"18":{"start":{"line":96,"column":0},"end":{"line":null,"column":-1}},"19":{"start":{"line":101,"column":0},"end":{"line":null,"column":-1}},"20":{"start":{"line":103,"column":0},"end":{"line":null,"column":-1}},"21":{"start":{"line":104,"column":0},"end":{"line":null,"column":-1}},"22":{"start":{"line":107,"column":0},"end":{"line":null,"column":-1}},"23":{"start":{"line":108,"column":0},"end":{"line":null,"column":-1}},"24":{"start":{"line":109,"column":0},"end":{"line":null,"column":-1}},"25":{"start":{"line":107,"column":0},"end":{"line":111,"column":0}},"26":{"start":{"line":111,"column":0},"end":{"line":null,"column":-1}},"27":{"start":{"line":116,"column":0},"end":{"line":null,"column":-1}},"28":{"start":{"line":120,"column":0},"end":{"line":null,"column":-1}},"29":{"start":{"line":122,"column":0},"end":{"line":null,"column":-1}},"30":{"start":{"line":123,"column":0},"end":{"line":null,"column":-1}}},"fnMap":{"0":{"name":"tokenGenerator","decl":{"start":{"line":44,"column":0},"end":{"line":null,"column":-1}},"loc":{"start":{"line":44,"column":0},"end":{"line":49,"column":0}}},"1":{"name":"data","decl":{"start":{"line":55,"column":0},"end":{"line":null,"column":-1}},"loc":{"start":{"line":55,"column":0},"end":{"line":66,"column":0}}},"2":{"name":"register","decl":{"start":{"line":68,"column":0},"end":{"line":null,"column":-1}},"loc":{"start":{"line":68,"column":0},"end":{"line":86,"column":0}}},"3":{"name":"authenticate","decl":{"start":{"line":87,"column":0},"end":{"line":null,"column":-1}},"loc":{"start":{"line":87,"column":0},"end":{"line":106,"column":0}}},"4":{"name":"recover","decl":{"start":{"line":107,"column":0},"end":{"line":null,"column":-1}},"loc":{"start":{"line":107,"column":0},"end":{"line":125,"column":0}}}},"branchMap":{"0":{"loc":{"start":{"line":68,"column":0},"end":{"line":71,"column":0}},"type":"switch","locations":[{"start":{"line":68,"column":0},"end":{"line":71,"column":0}},{"start":{"line":68,"column":0},"end":{"line":null,"column":-1}},{"start":{"line":68,"column":0},"end":{"line":84,"column":0}},{"start":{"line":68,"column":0},"end":{"line":null,"column":-1}},{"start":{"line":68,"column":0},"end":{"line":null,"column":-1}}]},"1":{"loc":{"start":{"line":84,"column":0},"end":{"line":null,"column":-1}},"type":"binary-expr","locations":[{"start":{"line":84,"column":0},"end":{"line":null,"column":-1}},{"start":{"line":84,"column":0},"end":{"line":null,"column":-1}}]},"2":{"loc":{"start":{"line":87,"column":0},"end":{"line":90,"column":0}},"type":"switch","locations":[{"start":{"line":87,"column":0},"end":{"line":90,"column":0}},{"start":{"line":87,"column":0},"end":{"line":null,"column":-1}},{"start":{"line":87,"column":0},"end":{"line":104,"column":0}},{"start":{"line":87,"column":0},"end":{"line":null,"column":-1}},{"start":{"line":87,"column":0},"end":{"line":null,"column":-1}}]},"3":{"loc":{"start":{"line":103,"column":0},"end":{"line":null,"column":-1}},"type":"binary-expr","locations":[{"start":{"line":103,"column":0},"end":{"line":null,"column":-1}},{"start":{"line":103,"column":0},"end":{"line":null,"column":-1}}]},"4":{"loc":{"start":{"line":107,"column":0},"end":{"line":111,"column":0}},"type":"switch","locations":[{"start":{"line":107,"column":0},"end":{"line":111,"column":0}},{"start":{"line":107,"column":0},"end":{"line":null,"column":-1}},{"start":{"line":107,"column":0},"end":{"line":123,"column":0}},{"start":{"line":107,"column":0},"end":{"line":null,"column":-1}},{"start":{"line":107,"column":0},"end":{"line":null,"column":-1}}]}},"s":{"0":1,"1":1,"2":0,"3":0,"4":1,"5":1,"6":0,"7":0,"8":0,"9":0,"10":0,"11":0,"12":0,"13":0,"14":0,"15":0,"16":0,"17":0,"18":0,"19":0,"20":0,"21":0,"22":0,"23":0,"24":0,"25":0,"26":0,"27":0,"28":0,"29":0,"30":0},"f":{"0":0,"1":1,"2":0,"3":0,"4":0},"b":{"0":[0,0,0,0,0],"1":[0,0],"2":[0,0,0,0,0],"3":[0,0],"4":[0,0,0,0,0]}}
}
