TN:
SF:/Users/viniciuscarvalho/Dropbox/projects/inovadoc/src/components/Main.vue
FN:44,tokenGenerator
FN:55,data
FN:68,register
FN:87,authenticate
FN:107,recover
FNF:5
FNH:1
FNDA:0,tokenGenerator
FNDA:1,data
FNDA:0,register
FNDA:0,authenticate
FNDA:0,recover
DA:41,1
DA:42,1
DA:45,0
DA:48,0
DA:51,1
DA:56,1
DA:68,0
DA:69,0
DA:71,0
DA:77,0
DA:81,0
DA:83,0
DA:84,0
DA:87,0
DA:88,0
DA:90,0
DA:96,0
DA:101,0
DA:103,0
DA:104,0
DA:107,0
DA:108,0
DA:109,0
DA:111,0
DA:116,0
DA:120,0
DA:122,0
DA:123,0
LF:28
LH:4
BRDA:68,0,0,0
BRDA:68,0,1,0
BRDA:68,0,2,0
BRDA:68,0,3,0
BRDA:68,0,4,0
BRDA:84,1,0,0
BRDA:84,1,1,0
BRDA:87,2,0,0
BRDA:87,2,1,0
BRDA:87,2,2,0
BRDA:87,2,3,0
BRDA:87,2,4,0
BRDA:103,3,0,0
BRDA:103,3,1,0
BRDA:107,4,0,0
BRDA:107,4,1,0
BRDA:107,4,2,0
BRDA:107,4,3,0
BRDA:107,4,4,0
BRF:19
BRH:0
end_of_record
